============================= test session starts ==============================
platform linux -- Python 3.12.13, pytest-9.1.0, pluggy-1.6.0 -- /opt/hostedtoolcache/Python/3.12.13/x64/bin/python
cachedir: .pytest_cache
rootdir: /home/runner/work/Aktien-tool2/Aktien-tool2
plugins: anyio-4.14.0, flask-1.3.0
collecting ... collected 1 item / 1 error

==================================== ERRORS ====================================
______________________ ERROR collecting tests/test_app.py ______________________
ImportError while importing test module '/home/runner/work/Aktien-tool2/Aktien-tool2/tests/test_app.py'.
Hint: make sure your test modules/packages have valid Python names.
Traceback:
/opt/hostedtoolcache/Python/3.12.13/x64/lib/python3.12/importlib/__init__.py:90: in import_module
    return _bootstrap._gcd_import(name[level:], package, level)
           ^^^^^^^^^^^^^^^^^^^^^^^^^^^^^^^^^^^^^^^^^^^^^^^^^^^^
tests/test_app.py:3: in <module>
    from app import app
E   ModuleNotFoundError: No module named 'app'
=========================== short test summary info ============================
ERROR tests/test_app.py
!!!!!!!!!!!!!!!!!!!! Interrupted: 1 error during collection !!!!!!!!!!!!!!!!!!!!
=============================== 1 error in 0.47s ===============================
